<?xml version="1.0" encoding="UTF-8"?><testsuite errors="1" failures="0" name="com.virgingames.bingotest.WallMartAssertionsHW" skipped="0" tests="1" time="5.78" timestamp="2019-11-330 10:28:31"><testcase classname="com.virgingames.bingotest.WallMartAssertionsHW" name="Test001"><error message="net.serenitybdd.rest.decorators.request.RequestSpecificationDecorated.getDefinedFilters()Ljava/util/List;" type="java.lang.AbstractMethodError">net.serenitybdd.rest.decorators.request.RequestSpecificationDecorated.getDefinedFilters()Ljava/util/List;</error><system-err>net.serenitybdd.rest.decorators.request.RequestSpecificationDecorated.getDefinedFilters()Ljava/util/List;&#13;
net.serenitybdd.rest.utils.RestReportingHelper.recordRestSpecificationData(RestReportingHelper.java:47)&#13;
net.serenitybdd.rest.utils.RestReportingHelper.registerCall(RestReportingHelper.java:67)&#13;
net.serenitybdd.rest.decorators.request.RequestSpecificationDecorated.execute(RequestSpecificationDecorated.java:263)&#13;
net.serenitybdd.rest.decorators.request.RequestSpecificationDecorated.get(RequestSpecificationDecorated.java:48)&#13;
net.serenitybdd.rest.decorators.request.RequestSpecificationDecorated.get(RequestSpecificationDecorated.java:27)&#13;
com.virgingames.bingotest.WallMartAssertionsHW.test001(WallMartAssertionsHW.java:18)&#13;
</system-err></testcase></testsuite>